d:\study\university\junior\flight-simulator\flightsimulator\debug\vc141.pdb
d:\study\university\junior\flight-simulator\flightsimulator\debug\vc141.idb
d:\study\university\junior\flight-simulator\flightsimulator\debug\skybox.obj
d:\study\university\junior\flight-simulator\flightsimulator\debug\player.obj
d:\study\university\junior\flight-simulator\flightsimulator\debug\planet.obj
d:\study\university\junior\flight-simulator\flightsimulator\debug\modelclass.obj
d:\study\university\junior\flight-simulator\flightsimulator\debug\main.obj
d:\study\university\junior\flight-simulator\flightsimulator\debug\lightshaderclass.obj
d:\study\university\junior\flight-simulator\flightsimulator\debug\lightclass.obj
d:\study\university\junior\flight-simulator\flightsimulator\debug\inputclass.obj
d:\study\university\junior\flight-simulator\flightsimulator\debug\graphicsclass.obj
d:\study\university\junior\flight-simulator\flightsimulator\debug\gameobjectmgr.obj
d:\study\university\junior\flight-simulator\flightsimulator\debug\gameobject.obj
d:\study\university\junior\flight-simulator\flightsimulator\debug\fpsclass.obj
d:\study\university\junior\flight-simulator\flightsimulator\debug\fontshaderclass.obj
d:\study\university\junior\flight-simulator\flightsimulator\debug\fontclass.obj
d:\study\university\junior\flight-simulator\flightsimulator\debug\d3dclass.obj
d:\study\university\junior\flight-simulator\flightsimulator\debug\cpuclass.obj
d:\study\university\junior\flight-simulator\flightsimulator\debug\colorshaderclass.obj
d:\study\university\junior\flight-simulator\flightsimulator\debug\cameraclass.obj
d:\study\university\junior\flight-simulator\flightsimulator\debug\bitmapclass.obj
d:\study\university\junior\flight-simulator\flightsimulator\debug\asteroid.obj
d:\study\university\junior\flight-simulator\flightsimulator\debug\timerclass.obj
d:\study\university\junior\flight-simulator\flightsimulator\debug\textureshaderclass.obj
d:\study\university\junior\flight-simulator\flightsimulator\debug\textureclass.obj
d:\study\university\junior\flight-simulator\flightsimulator\debug\textclass.obj
d:\study\university\junior\flight-simulator\flightsimulator\debug\systemclass.obj
d:\study\university\junior\flight-simulator\flightsimulator\debug\distanceui.obj
d:\study\university\junior\flight-simulator\debug\flightsimulator.exe
d:\study\university\junior\flight-simulator\debug\flightsimulator.ilk
d:\study\university\junior\flight-simulator\debug\flightsimulator.pdb
d:\study\university\junior\flight-simulator\flightsimulator\debug\flightsimulator.tlog\cl.command.1.tlog
d:\study\university\junior\flight-simulator\flightsimulator\debug\flightsimulator.tlog\cl.read.1.tlog
d:\study\university\junior\flight-simulator\flightsimulator\debug\flightsimulator.tlog\cl.write.1.tlog
d:\study\university\junior\flight-simulator\flightsimulator\debug\flightsimulator.tlog\link.command.1.tlog
d:\study\university\junior\flight-simulator\flightsimulator\debug\flightsimulator.tlog\link.read.1.tlog
d:\study\university\junior\flight-simulator\flightsimulator\debug\flightsimulator.tlog\link.write.1.tlog
